--- 2015.07.31 10:07:57 ---
100
201531-1000005
balance=0
--- 2015.07.31 10:07:58 ---
100
201531-1000005
balance=0
--- 2015.07.31 10:07:59 ---
100
201531-1000005
balance=0
--- 2015.07.31 10:08:58 ---
to: 79109643456
100
201531-1000005
balance=0
--- 2015.07.31 10:44:12 ---
to: 79109643456
100
201531-1000005
balance=0
--- 2015.07.31 10:44:23 ---
to: 79109643456
100
201531-1000005
balance=0
--- 2015.07.31 10:44:31 ---
to: 79109643456
100
201531-1000005
balance=0
--- 2015.07.31 11:29:14 ---
to: 79109643456
100
201531-1000005
balance=0
--- 2015.07.31 11:30:35 ---
to: 79109643456
100
201531-1000005
balance=0
--- 2015.07.31 11:30:55 ---
to: 79109643456
100
201531-1000005
balance=0
--- 2015.07.31 11:32:12 ---
to: 79109643456
100
201531-1000005
balance=0
--- 2015.07.31 11:36:41 ---
to: 79109643456
100
201531-1000005
balance=0
--- 2015.07.31 11:37:28 ---
to: 79109643456
100
201531-1000005
balance=0
--- 2015.08.03 11:18:32 ---
to: 79109643456
100
201531-1000005
balance=0
--- 2015.08.03 11:42:29 ---
to: 79265575756
100
201532-1000000
balance=18.8
--- 2015.08.03 11:42:29 ---
to: 79109643456
100
201532-1000001
balance=18.8
--- 2015.08.03 11:42:30 ---
to: 79109643456
100
201532-1000002
balance=18.8
--- 2015.08.03 14:19:07 ---
to: 79109643456
100
201531-1000005
balance=0
